Build started 2/24/2015 2:26:24 PM.
     1>Project "C:\Users\matthew.beaudoin\Documents\GitHub\GraphicTutorialFix2\IntroGL\IntroGL.vcxproj" on node 2 (Build target(s)).
     1>ClCompile:
         C:\Program Files (x86)\Microsoft Visual Studio 12.0\VC\bin\CL.exe /c /IC:\Users\matthew.beaudoin\Documents\GitHub\GraphicTutorialFix2\\libs\glm /ZI /nologo /W3 /WX- /sdl /Od /Oy- /D GLEW_STATIC /D _MBCS /Gm /EHsc /RTC1 /MDd /GS /fp:precise /Zc:wchar_t /Zc:forScope /Fo"Debug\\" /Fd"Debug\vc120.pdb" /Gd /TP /analyze- /errorReport:prompt main.cpp Shape.cpp Timer.cpp
         Timer.cpp
         Shape.cpp
         main.cpp
     1>c:\users\matthew.beaudoin\documents\github\graphictutorialfix2\introgl\main.cpp(371): warning C4244: '=' : conversion from 'double' to 'float', possible loss of data
         Generating Code...
       Link:
         C:\Program Files (x86)\Microsoft Visual Studio 12.0\VC\bin\link.exe /ERRORREPORT:PROMPT /OUT:"C:\Users\matthew.beaudoin\Documents\GitHub\GraphicTutorialFix2\Debug\IntroGL.exe" /INCREMENTAL /NOLOGO SOIL.lib glfw3.lib opengl32.lib glew32s.lib kernel32.lib user32.lib gdi32.lib winspool.lib comdlg32.lib advapi32.lib shell32.lib ole32.lib oleaut32.lib uuid.lib odbc32.lib odbccp32.lib /MANIFEST /MANIFESTUAC:"level='asInvoker' uiAccess='false'" /manifest:embed /DEBUG /PDB:"C:\Users\matthew.beaudoin\Documents\GitHub\GraphicTutorialFix2\Debug\IntroGL.pdb" /TLBID:1 /DYNAMICBASE /NXCOMPAT /IMPLIB:"C:\Users\matthew.beaudoin\Documents\GitHub\GraphicTutorialFix2\Debug\IntroGL.lib" /MACHINE:X86 Debug\main.obj
         Debug\Shape.obj
         Debug\Timer.obj
     1>LINK : warning LNK4098: defaultlib 'MSVCRT' conflicts with use of other libs; use /NODEFAULTLIB:library
     1>LINK : warning LNK4098: defaultlib 'LIBCMT' conflicts with use of other libs; use /NODEFAULTLIB:library
     1>glew32s.lib(glew.obj) : warning LNK4099: PDB 'vc120.pdb' was not found with 'glew32s.lib(glew.obj)' or at 'C:\Users\matthew.beaudoin\Documents\GitHub\GraphicTutorialFix2\Debug\vc120.pdb'; linking object as if no debug info
         IntroGL.vcxproj -> C:\Users\matthew.beaudoin\Documents\GitHub\GraphicTutorialFix2\Debug\IntroGL.exe
     1>Done Building Project "C:\Users\matthew.beaudoin\Documents\GitHub\GraphicTutorialFix2\IntroGL\IntroGL.vcxproj" (Build target(s)).

Build succeeded.

Time Elapsed 00:00:01.62
